<?xml version="1.0" encoding="UTF-8"?>
<testsuite name="Funcionalidades de ventana alerts, frame and windows" tests="1" skipped="0" failures="0" errors="0" timestamp="2023-01-11T02:13:26" hostname="MacBook-Pro-de-Santiago.local" time="30.05">
  <properties/>
  <testcase name="Probar funcionalidades de alerts, time and windows" classname="Funcionalidades de ventana alerts, frame and windows" time="30.05"/>
  <system-out><![CDATA[]]></system-out>
  <system-err><![CDATA[Starting ChromeDriver 108.0.5359.71 (1e0e3868ee06e91ad636a874420e3ca3ae3756ac-refs/branch-heads/5359@{#1016}) on port 40981
Only local connections are allowed.
Please see https://chromedriver.chromium.org/security-considerations for suggestions on keeping ChromeDriver safe.
ChromeDriver was started successfully.
Jan 10, 2023 9:13:33 PM org.openqa.selenium.remote.ProtocolHandshake createSession
INFO: Detected dialect: W3C
]]></system-err>
</testsuite>
