<?xml version="1.0" encoding="UTF-8"?>
<testsuite name="Evaluar elements" tests="1" skipped="0" failures="0" errors="0" timestamp="2023-01-11T01:42:55" hostname="MacBook-Pro-de-Santiago.local" time="23.797">
  <properties/>
  <testcase name="Ingresar a Elements" classname="Evaluar elements" time="23.797"/>
  <system-out><![CDATA[]]></system-out>
  <system-err><![CDATA[Starting ChromeDriver 108.0.5359.71 (1e0e3868ee06e91ad636a874420e3ca3ae3756ac-refs/branch-heads/5359@{#1016}) on port 1278
Only local connections are allowed.
Please see https://chromedriver.chromium.org/security-considerations for suggestions on keeping ChromeDriver safe.
ChromeDriver was started successfully.
Jan 10, 2023 8:43:01 PM org.openqa.selenium.remote.ProtocolHandshake createSession
INFO: Detected dialect: W3C
]]></system-err>
</testsuite>
